tudo 1
bem 1
tudo 1
bem 1
tudo 1
bem 1
tudo 1
bem 1
tudo 1
bem 1
tudo 1
bem 1
tudo 1
bem 1
tudo 1
bem 1
tudo 1
bem 1
tudo 1
bem 1
tudo 1
bem 1
tudo 1
bem 1
tudo 1
bem 1
tudo 1
bem 1
tudo 1
bem 1
tudo 1
bem 1
tudo 1
bem 1
tudo 1
bem 1
tudo 1
bem 1
tudo 1
bem 1
tudo 1
bem 1
tudo 1
bem 1
tudo 1
bem 1
tudo 1
bem 1
tudo 1
bem 1
tudo 1
bem 1
tudo 1
bem 1
tudo 1
bem 1
tudo 1
bem 1
tudo 1
bem 1
tudo 1
bem 1
tudo 1
bem 1
tudo 1
bem 1
tudo 1
bem 1
tudo 1
bem 1
tudo 1
bem 1
tudo 1
bem 1
tudo 1
bem 1
tudo 1
bem 1
tudo 1
bem 1
tudo 1
bem 1
tudo 1
bem 1
tudo 1
bem 1
tudo 1
bem 1
tudo 1
bem 1
tudo 1
bem 1
tudo 1
bem 1
tudo 1
bem 1
tudo 1
bem 1
tudo 1
bem 1
tudo 1
bem 1
tudo 1
bem 1
tudo 1
bem 1
tudo 1
bem 1
tudo 1
bem 1
tudo 1
bem 1
tudo 1
bem 1
tudo 1
bem 1
tudo 1
bem 1
tudo 1
bem 1
